<?xml version="1.0" encoding="UTF-8"?>
<!-- Generated by org.testng.reporters.JUnitReportReporter -->
<testsuite hostname="LAPTOP-197KL6J0" failures="0" tests="4" name="testNg.week6day2.LearnGroups" time="0.009" errors="0" timestamp="2022-03-28T11:15:59 IST" skipped="0">
  <testcase classname="testNg.week6day2.LearnGroups" name="Testcase2" time="0.001"/>
  <system-out/>
  <testcase classname="testNg.week6day2.LearnGroups" name="Testcase6" time="0.002"/>
  <system-out/>
  <testcase classname="testNg.week6day2.LearnGroups" name="Testcase3" time="0.000"/>
  <system-out/>
  <testcase classname="testNg.week6day2.LearnGroups" name="Testcase1" time="0.006"/>
  <system-out/>
</testsuite> <!-- testNg.week6day2.LearnGroups -->
