<?xml version="1.0" encoding="UTF-8"?>
<!-- Generated by org.testng.reporters.JUnitReportReporter -->
<testsuite hostname="LAPTOP-197KL6J0" failures="0" tests="1" name="runner.RunLogin" time="15.950" errors="0" timestamp="2021-10-04T15:12:22 IST" skipped="0">
  <testcase classname="runner.RunLogin" name="runScenario" time="15.950"/>
  <system-out/>
</testsuite> <!-- runner.RunLogin -->
