<?xml version="1.0" encoding="UTF-8"?>
<!-- Generated by org.testng.reporters.JUnitReportReporter -->
<testsuite hostname="LAPTOP-197KL6J0" failures="0" tests="1" name="testNg.week6day2.Test2" time="0.000" errors="0" timestamp="2021-10-04T19:48:34 IST" skipped="0">
  <testcase classname="testNg.week6day2.Test2" name="EditLead" time="0.000"/>
  <system-out/>
</testsuite> <!-- testNg.week6day2.Test2 -->
