<?xml version="1.0" encoding="UTF-8"?>
<!-- Generated by org.testng.reporters.JUnitReportReporter -->
<testsuite hostname="LAPTOP-197KL6J0" failures="0" tests="3" name="testNg.week6day2.CrossBrowserTesting" time="57.758" errors="0" timestamp="2022-03-28T11:24:28 IST" skipped="0">
  <testcase classname="testNg.week6day2.CrossBrowserTesting" name="createLead" time="22.554"/>
  <system-out/>
  <testcase classname="testNg.week6day2.CrossBrowserTesting" name="createLead" time="23.471"/>
  <system-out/>
  <testcase classname="testNg.week6day2.CrossBrowserTesting" name="createLead" time="11.733"/>
  <system-out/>
</testsuite> <!-- testNg.week6day2.CrossBrowserTesting -->
