<?xml version="1.0" encoding="UTF-8"?>
<!-- Generated by org.testng.reporters.JUnitReportReporter -->
<testsuite hostname="LAPTOP-197KL6J0" failures="0" tests="1" name="testNg.week6day2.Test1" time="0.928" errors="0" timestamp="2022-03-01T13:22:12 IST" skipped="0">
  <testcase classname="testNg.week6day2.Test1" name="createLead" time="0.928"/>
  <system-out/>
</testsuite> <!-- testNg.week6day2.Test1 -->
