<?xml version="1.0" encoding="UTF-8"?>
<!-- Generated by org.testng.reporters.JUnitReportReporter -->
<testsuite hostname="LAPTOP-197KL6J0" failures="0" tests="2" name="testNg.week5day1.TestCase2" time="0.007" errors="0" timestamp="2021-11-11T20:35:52 IST" skipped="0">
  <testcase classname="testNg.week5day1.TestCase2" name="test3" time="0.005"/>
  <system-out/>
  <testcase classname="testNg.week5day1.TestCase2" name="test4" time="0.002"/>
  <system-out/>
</testsuite> <!-- testNg.week5day1.TestCase2 -->
