<?xml version="1.0" encoding="UTF-8"?>
<!-- Generated by org.testng.reporters.JUnitReportReporter -->
<testsuite hostname="LAPTOP-197KL6J0" failures="0" tests="5" name="testNg.week5day1.LearnTestngAttributes" time="0.009" errors="0" timestamp="2022-03-28T10:56:34 IST" skipped="1">
  <testcase classname="testNg.week5day1.LearnTestngAttributes" name="editLead" time="0.007"/>
  <system-out/>
  <testcase classname="testNg.week5day1.LearnTestngAttributes" name="createLead" time="0.000"/>
  <system-out/>
  <testcase classname="testNg.week5day1.LearnTestngAttributes" name="createLead" time="0.001"/>
  <system-out/>
  <testcase classname="testNg.week5day1.LearnTestngAttributes" name="createLead" time="0.001"/>
  <system-out/>
  <testcase classname="testNg.week5day1.LearnTestngAttributes" name="deleteLead">
    <skipped/>
  </testcase> <!-- deleteLead -->
  <system-out/>
</testsuite> <!-- testNg.week5day1.LearnTestngAttributes -->
