<?xml version="1.0" encoding="UTF-8"?>
<!-- Generated by org.testng.reporters.JUnitReportReporter -->
<testsuite hostname="LAPTOP-197KL6J0" failures="0" tests="3" name="leaftapsAutomation.CreateLead" time="31.570" errors="0" timestamp="2021-09-30T19:59:25 IST" skipped="0">
  <testcase classname="leaftapsAutomation.CreateLead" name="runCreateLead" time="10.209"/>
  <system-out/>
  <testcase classname="leaftapsAutomation.CreateLead" name="runCreateLead" time="10.731"/>
  <system-out/>
  <testcase classname="leaftapsAutomation.CreateLead" name="runCreateLead" time="10.630"/>
  <system-out/>
</testsuite> <!-- leaftapsAutomation.CreateLead -->
