<?xml version="1.0" encoding="UTF-8"?>
<!-- Generated by org.testng.reporters.JUnitReportReporter -->
<testsuite hostname="LAPTOP-197KL6J0" failures="0" tests="1" name="testNg.week5day1.LearnAnnotations" time="0.006" errors="0" timestamp="2021-11-11T20:43:59 IST" skipped="0">
  <testcase classname="testNg.week5day1.LearnAnnotations" name="testCase1" time="0.006"/>
  <system-out/>
</testsuite> <!-- testNg.week5day1.LearnAnnotations -->
