<?xml version="1.0" encoding="UTF-8"?>
<!-- Generated by org.testng.reporters.JUnitReportReporter -->
<testsuite hostname="LAPTOP-197KL6J0" failures="0" tests="2" name="testNg.week5day1.TestCase1" time="0.006" errors="0" timestamp="2022-03-28T10:57:43 IST" skipped="0">
  <testcase classname="testNg.week5day1.TestCase1" name="test2" time="0.001"/>
  <system-out/>
  <testcase classname="testNg.week5day1.TestCase1" name="test1" time="0.005"/>
  <system-out/>
</testsuite> <!-- testNg.week5day1.TestCase1 -->
