<?xml version="1.0" encoding="UTF-8"?>
<!-- Generated by org.testng.reporters.JUnitReportReporter -->
<testsuite hostname="LAPTOP-197KL6J0" failures="0" tests="2" name="leaftapsAutomation.EditLead" time="26.500" errors="0" timestamp="2021-09-30T20:18:05 IST" skipped="0">
  <testcase classname="leaftapsAutomation.EditLead" name="runEditLead" time="12.685"/>
  <system-out/>
  <testcase classname="leaftapsAutomation.EditLead" name="runEditLead" time="13.815"/>
  <system-out/>
</testsuite> <!-- leaftapsAutomation.EditLead -->
