<?xml version="1.0" encoding="UTF-8"?>
<!-- Generated by org.testng.reporters.JUnitReportReporter -->
<testsuite hostname="LAPTOP-197KL6J0" failures="0" tests="1" name="leaftapsAutomation.DeleteLead" time="34.841" errors="0" timestamp="2021-09-29T13:05:23 IST" skipped="0">
  <testcase classname="leaftapsAutomation.DeleteLead" name="runDeleteLead" time="34.841"/>
  <system-out/>
</testsuite> <!-- leaftapsAutomation.DeleteLead -->
