<?xml version="1.0" encoding="UTF-8"?>
<!-- Generated by org.testng.reporters.JUnitReportReporter -->
<testsuite hostname="LAPTOP-197KL6J0" failures="0" tests="1" name="testNg.week5day2.NewLearnTestngAttri" time="0.001" errors="0" timestamp="2021-11-11T20:50:54 IST" skipped="0">
  <testcase classname="testNg.week5day2.NewLearnTestngAttri" name="deleteLead" time="0.001"/>
  <system-out/>
</testsuite> <!-- testNg.week5day2.NewLearnTestngAttri -->
